1 2017-05-31T02:35:40.484Z sc2-rdops-vm06-dhcp-217-45 NSX 6695 - [nsx@6876 comp="nsx-container" subcomp="ncp" level="INFO" security="True"] nsx_ujo.common.nsx_log_adaptor Initialized log configuration
1 2017-05-31T02:35:40.487Z sc2-rdops-vm06-dhcp-217-45 NSX 6695 - [nsx@6876 comp="nsx-container" subcomp="ncp" level="INFO" ] nsx_ujo.ncp.main Finding the configured NCP adaptor kubernetes
1 2017-05-31T02:35:41.063Z sc2-rdops-vm06-dhcp-217-45 NSX 6695 - [nsx@6876 comp="nsx-container" subcomp="ncp" level="DEBUG" security="True"] nsx_ujo.ncp.main Starting NCP configuration validation _validate /usr/local/lib/python2.7/dist-packages/nsx_ujo/ncp/main.py:61
1 2017-05-31T02:35:41.067Z sc2-rdops-vm06-dhcp-217-45 NSX 6695 - [nsx@6876 comp="nsx-container" subcomp="ncp" level="ERROR" security="True"] nsx_ujo.ncp.session CA file not specified. Please recheck your configuration
1 2017-05-31T02:35:41.173Z sc2-rdops-vm06-dhcp-217-45 NSX 6695 - [nsx@6876 comp="nsx-container" subcomp="ncp" level="INFO" ] nsx_ujo.ncp.nsx_wrapper Authenticating with NSX using basic authentication
1 2017-05-31T02:35:41.175Z sc2-rdops-vm06-dhcp-217-45 NSX 6695 - [nsx@6876 comp="nsx-container" subcomp="ncp" level="DEBUG" ] vmware_nsxlib.v3.cluster Initializing API endpoints _init_endpoints /usr/local/lib/python2.7/dist-packages/vmware_nsxlib/v3/cluster.py:326
1 2017-05-31T02:35:41.235Z sc2-rdops-vm06-dhcp-217-45 NSX 6695 - [nsx@6876 comp="nsx-container" subcomp="ncp" level="INFO" ] vmware_nsxlib.v3.cluster Endpoint 'https://10.192.196.252:443' changing from state 'INITIALIZED' to 'UP'
1 2017-05-31T02:35:41.680Z sc2-rdops-vm06-dhcp-217-45 NSX 6695 - [nsx@6876 comp="nsx-container" subcomp="ncp" level="DEBUG" ] vmware_nsxlib.v3.cluster Done initializing API endpoint(s). API cluster health: GREEN _init_endpoints /usr/local/lib/python2.7/dist-packages/vmware_nsxlib/v3/cluster.py:373
1 2017-05-31T02:35:41.681Z sc2-rdops-vm06-dhcp-217-45 NSX 6695 - [nsx@6876 comp="nsx-container" subcomp="ncp" level="DEBUG" ] vmware_nsxlib.v3.cluster Created NSX clustered API with 'requests-2.12.5' provider __init__ /usr/local/lib/python2.7/dist-packages/vmware_nsxlib/v3/cluster.py:529
1 2017-05-31T02:35:41.682Z sc2-rdops-vm06-dhcp-217-45 NSX 6695 - [nsx@6876 comp="nsx-container" subcomp="ncp" level="DEBUG" ] vmware_nsxlib.v3.client REST call: GET api/v1/search?query=resource_type:TransportZone AND transport_type:OVERLAY AND tags.scope:ncp\/cluster AND tags.tag:leo
Headers: {'Content-Type': 'application/json', 'Accept': 'application/json'}
Body: None _rest_call /usr/local/lib/python2.7/dist-packages/vmware_nsxlib/v3/client.py:168
1 2017-05-31T02:35:41.682Z sc2-rdops-vm06-dhcp-217-45 NSX 6695 - [nsx@6876 comp="nsx-container" subcomp="ncp" level="DEBUG" ] vmware_nsxlib.v3.cluster API cluster proxy GET /api/v1/search?query=resource_type:TransportZone AND transport_type:OVERLAY AND tags.scope:ncp\/cluster AND tags.tag:leo to https://10.192.196.252:443/api/v1/search?query=resource_type:TransportZone AND transport_type:OVERLAY AND tags.scope:ncp\/cluster AND tags.tag:leo _proxy /usr/local/lib/python2.7/dist-packages/vmware_nsxlib/v3/cluster.py:494
1 2017-05-31T02:35:41.719Z sc2-rdops-vm06-dhcp-217-45 NSX 6695 - [nsx@6876 comp="nsx-container" subcomp="ncp" level="DEBUG" ] vmware_nsxlib.v3.client REST call: GET api/v1/search?query=resource_type:TransportZone AND transport_type:OVERLAY AND tags.scope:ncp\/cluster AND tags.tag:leo
Response: {u'results': [], u'result_count': 0} _rest_call /usr/local/lib/python2.7/dist-packages/vmware_nsxlib/v3/client.py:178
1 2017-05-31T02:35:41.720Z sc2-rdops-vm06-dhcp-217-45 NSX 6695 - [nsx@6876 comp="nsx-container" subcomp="ncp" level="DEBUG" ] vmware_nsxlib.v3.client REST call: GET api/v1/search?query=resource_type:LogicalRouter AND router_type:TIER0 AND tags.scope:ncp\/cluster AND tags.tag:leo
Headers: {'Content-Type': 'application/json', 'Accept': 'application/json'}
Body: None _rest_call /usr/local/lib/python2.7/dist-packages/vmware_nsxlib/v3/client.py:168
1 2017-05-31T02:35:41.769Z sc2-rdops-vm06-dhcp-217-45 NSX 6695 - [nsx@6876 comp="nsx-container" subcomp="ncp" level="DEBUG" ] vmware_nsxlib.v3.client REST call: GET api/v1/search?query=resource_type:LogicalRouter AND router_type:TIER0 AND tags.scope:ncp\/cluster AND tags.tag:leo
Response: {u'results': [], u'result_count': 0} _rest_call /usr/local/lib/python2.7/dist-packages/vmware_nsxlib/v3/client.py:178
1 2017-05-31T02:35:41.772Z sc2-rdops-vm06-dhcp-217-45 NSX 6695 - [nsx@6876 comp="nsx-container" subcomp="ncp" level="ERROR" ] nsx_ujo.common.utils NSX configuration with tag error: Missing cluster overlay TZ; Missing cluster tier-0 router
1 2017-05-31T02:35:41.807Z sc2-rdops-vm06-dhcp-217-45 NSX 6695 - [nsx@6876 comp="nsx-container" subcomp="ncp" level="DEBUG" ] nsx_ujo.k8s.kubernetes Found 0 NCP pod running validate_ncp_state /usr/local/lib/python2.7/dist-packages/nsx_ujo/k8s/kubernetes.py:713
1 2017-05-31T02:35:41.809Z sc2-rdops-vm06-dhcp-217-45 NSX 6695 - [nsx@6876 comp="nsx-container" subcomp="ncp" level="CRITICAL" security="True"] nsx_ujo.ncp.main NCP configuration validation failed
